2021-04-20 00:26:06.089 ERROR o.s.b.diagnostics.LoggingFailureAnalysisReporter  :40   [32m                  [0;39m 

***************************
APPLICATION FAILED TO START
***************************

Description:

Parameter 0 of constructor in com.github.xiaoymin.knife4j.spring.plugin.DynamicResponseModelReader required a bean of type 'springfox.documentation.schema.TypeNameExtractor' that could not be found.


Action:

Consider defining a bean of type 'springfox.documentation.schema.TypeNameExtractor' in your configuration.

2021-04-20 00:50:33.219 ERROR s.d.s.web.plugins.DocumentationPluginsBootstrapper:99   [32m                  [0;39m Unable to scan documentation context default
java.util.regex.PatternSyntaxException: Dangling meta character '*' near index 2
/**
  ^
	at java.base/java.util.regex.Pattern.error(Pattern.java:2027)
	at java.base/java.util.regex.Pattern.sequence(Pattern.java:2202)
	at java.base/java.util.regex.Pattern.expr(Pattern.java:2068)
	at java.base/java.util.regex.Pattern.compile(Pattern.java:1782)
	at java.base/java.util.regex.Pattern.<init>(Pattern.java:1428)
	at java.base/java.util.regex.Pattern.compile(Pattern.java:1068)
	at java.base/java.util.regex.Pattern.matches(Pattern.java:1173)
	at java.base/java.lang.String.matches(String.java:2024)
	at springfox.documentation.builders.PathSelectors$1.test(PathSelectors.java:61)
	at springfox.documentation.builders.PathSelectors$1.test(PathSelectors.java:58)
	at springfox.documentation.spi.service.contexts.SecurityContext.securityForOperation(SecurityContext.java:76)
	at springfox.documentation.spi.service.contexts.OperationContext.lambda$pathMatches$0(OperationContext.java:98)
	at java.base/java.util.stream.ReferencePipeline$2$1.accept(ReferencePipeline.java:176)
	at java.base/java.util.ArrayList$ArrayListSpliterator.forEachRemaining(ArrayList.java:1655)
	at java.base/java.util.stream.AbstractPipeline.copyInto(AbstractPipeline.java:484)
	at java.base/java.util.stream.AbstractPipeline.wrapAndCopyInto(AbstractPipeline.java:474)
	at java.base/java.util.stream.ReduceOps$ReduceOp.evaluateSequential(ReduceOps.java:913)
	at java.base/java.util.stream.AbstractPipeline.evaluate(AbstractPipeline.java:234)
	at java.base/java.util.stream.ReferencePipeline.collect(ReferencePipeline.java:578)
	at springfox.documentation.spi.service.contexts.OperationContext.securityContext(OperationContext.java:94)
	at springfox.documentation.swagger.readers.operation.OperationAuthReader.apply(OperationAuthReader.java:58)
	at springfox.documentation.spring.web.plugins.DocumentationPluginsManager.operation(DocumentationPluginsManager.java:122)
	at springfox.documentation.spring.web.readers.operation.ApiOperationReader.read(ApiOperationReader.java:72)
	at springfox.documentation.spring.web.scanners.CachingOperationReader.lambda$new$0(CachingOperationReader.java:43)
	at java.base/java.util.HashMap.computeIfAbsent(HashMap.java:1133)
	at springfox.documentation.spring.web.scanners.CachingOperationReader.read(CachingOperationReader.java:48)
	at springfox.documentation.spring.web.scanners.ApiDescriptionReader.read(ApiDescriptionReader.java:72)
	at springfox.documentation.spring.web.scanners.ApiListingScanner.scan(ApiListingScanner.java:152)
	at springfox.documentation.spring.web.scanners.ApiDocumentationScanner.scan(ApiDocumentationScanner.java:69)
	at springfox.documentation.spring.web.plugins.AbstractDocumentationPluginsBootstrapper.scanDocumentation(AbstractDocumentationPluginsBootstrapper.java:97)
	at springfox.documentation.spring.web.plugins.AbstractDocumentationPluginsBootstrapper.bootstrapDocumentationPlugins(AbstractDocumentationPluginsBootstrapper.java:83)
	at springfox.documentation.spring.web.plugins.DocumentationPluginsBootstrapper.start(DocumentationPluginsBootstrapper.java:94)
	at org.springframework.context.support.DefaultLifecycleProcessor.doStart(DefaultLifecycleProcessor.java:178)
	at org.springframework.context.support.DefaultLifecycleProcessor.access$200(DefaultLifecycleProcessor.java:54)
	at org.springframework.context.support.DefaultLifecycleProcessor$LifecycleGroup.start(DefaultLifecycleProcessor.java:356)
	at java.base/java.lang.Iterable.forEach(Iterable.java:75)
	at org.springframework.context.support.DefaultLifecycleProcessor.startBeans(DefaultLifecycleProcessor.java:155)
	at org.springframework.context.support.DefaultLifecycleProcessor.onRefresh(DefaultLifecycleProcessor.java:123)
	at org.springframework.context.support.AbstractApplicationContext.finishRefresh(AbstractApplicationContext.java:935)
	at org.springframework.context.support.AbstractApplicationContext.refresh(AbstractApplicationContext.java:586)
	at org.springframework.boot.web.servlet.context.ServletWebServerApplicationContext.refresh(ServletWebServerApplicationContext.java:144)
	at org.springframework.boot.SpringApplication.refresh(SpringApplication.java:782)
	at org.springframework.boot.SpringApplication.refresh(SpringApplication.java:774)
	at org.springframework.boot.SpringApplication.refreshContext(SpringApplication.java:439)
	at org.springframework.boot.SpringApplication.run(SpringApplication.java:339)
	at org.springframework.boot.SpringApplication.run(SpringApplication.java:1340)
	at org.springframework.boot.SpringApplication.run(SpringApplication.java:1329)
	at com.lyn.wiki.WikiApplication.main(WikiApplication.java:10)
	at java.base/jdk.internal.reflect.NativeMethodAccessorImpl.invoke0(Native Method)
	at java.base/jdk.internal.reflect.NativeMethodAccessorImpl.invoke(NativeMethodAccessorImpl.java:62)
	at java.base/jdk.internal.reflect.DelegatingMethodAccessorImpl.invoke(DelegatingMethodAccessorImpl.java:43)
	at java.base/java.lang.reflect.Method.invoke(Method.java:566)
	at org.springframework.boot.devtools.restart.RestartLauncher.run(RestartLauncher.java:49)
2021-04-20 00:50:35.381 ERROR s.d.s.web.plugins.DocumentationPluginsBootstrapper:99   [32m                  [0;39m Unable to scan documentation context default
java.util.regex.PatternSyntaxException: Dangling meta character '*' near index 2
/**
  ^
	at java.base/java.util.regex.Pattern.error(Pattern.java:2027)
	at java.base/java.util.regex.Pattern.sequence(Pattern.java:2202)
	at java.base/java.util.regex.Pattern.expr(Pattern.java:2068)
	at java.base/java.util.regex.Pattern.compile(Pattern.java:1782)
	at java.base/java.util.regex.Pattern.<init>(Pattern.java:1428)
	at java.base/java.util.regex.Pattern.compile(Pattern.java:1068)
	at java.base/java.util.regex.Pattern.matches(Pattern.java:1173)
	at java.base/java.lang.String.matches(String.java:2024)
	at springfox.documentation.builders.PathSelectors$1.test(PathSelectors.java:61)
	at springfox.documentation.builders.PathSelectors$1.test(PathSelectors.java:58)
	at springfox.documentation.spi.service.contexts.SecurityContext.securityForOperation(SecurityContext.java:76)
	at springfox.documentation.spi.service.contexts.OperationContext.lambda$pathMatches$0(OperationContext.java:98)
	at java.base/java.util.stream.ReferencePipeline$2$1.accept(ReferencePipeline.java:176)
	at java.base/java.util.ArrayList$ArrayListSpliterator.forEachRemaining(ArrayList.java:1655)
	at java.base/java.util.stream.AbstractPipeline.copyInto(AbstractPipeline.java:484)
	at java.base/java.util.stream.AbstractPipeline.wrapAndCopyInto(AbstractPipeline.java:474)
	at java.base/java.util.stream.ReduceOps$ReduceOp.evaluateSequential(ReduceOps.java:913)
	at java.base/java.util.stream.AbstractPipeline.evaluate(AbstractPipeline.java:234)
	at java.base/java.util.stream.ReferencePipeline.collect(ReferencePipeline.java:578)
	at springfox.documentation.spi.service.contexts.OperationContext.securityContext(OperationContext.java:94)
	at springfox.documentation.swagger.readers.operation.OperationAuthReader.apply(OperationAuthReader.java:58)
	at springfox.documentation.spring.web.plugins.DocumentationPluginsManager.operation(DocumentationPluginsManager.java:122)
	at springfox.documentation.spring.web.readers.operation.ApiOperationReader.read(ApiOperationReader.java:72)
	at springfox.documentation.spring.web.scanners.CachingOperationReader.lambda$new$0(CachingOperationReader.java:43)
	at java.base/java.util.HashMap.computeIfAbsent(HashMap.java:1133)
	at springfox.documentation.spring.web.scanners.CachingOperationReader.read(CachingOperationReader.java:48)
	at springfox.documentation.spring.web.scanners.ApiDescriptionReader.read(ApiDescriptionReader.java:72)
	at springfox.documentation.spring.web.scanners.ApiListingScanner.scan(ApiListingScanner.java:152)
	at springfox.documentation.spring.web.scanners.ApiDocumentationScanner.scan(ApiDocumentationScanner.java:69)
	at springfox.documentation.spring.web.plugins.AbstractDocumentationPluginsBootstrapper.scanDocumentation(AbstractDocumentationPluginsBootstrapper.java:97)
	at springfox.documentation.spring.web.plugins.AbstractDocumentationPluginsBootstrapper.bootstrapDocumentationPlugins(AbstractDocumentationPluginsBootstrapper.java:83)
	at springfox.documentation.spring.web.plugins.DocumentationPluginsBootstrapper.start(DocumentationPluginsBootstrapper.java:94)
	at org.springframework.context.support.DefaultLifecycleProcessor.doStart(DefaultLifecycleProcessor.java:178)
	at org.springframework.context.support.DefaultLifecycleProcessor.access$200(DefaultLifecycleProcessor.java:54)
	at org.springframework.context.support.DefaultLifecycleProcessor$LifecycleGroup.start(DefaultLifecycleProcessor.java:356)
	at java.base/java.lang.Iterable.forEach(Iterable.java:75)
	at org.springframework.context.support.DefaultLifecycleProcessor.startBeans(DefaultLifecycleProcessor.java:155)
	at org.springframework.context.support.DefaultLifecycleProcessor.onRefresh(DefaultLifecycleProcessor.java:123)
	at org.springframework.context.support.AbstractApplicationContext.finishRefresh(AbstractApplicationContext.java:935)
	at org.springframework.context.support.AbstractApplicationContext.refresh(AbstractApplicationContext.java:586)
	at org.springframework.boot.web.servlet.context.ServletWebServerApplicationContext.refresh(ServletWebServerApplicationContext.java:144)
	at org.springframework.boot.SpringApplication.refresh(SpringApplication.java:782)
	at org.springframework.boot.SpringApplication.refresh(SpringApplication.java:774)
	at org.springframework.boot.SpringApplication.refreshContext(SpringApplication.java:439)
	at org.springframework.boot.SpringApplication.run(SpringApplication.java:339)
	at org.springframework.boot.SpringApplication.run(SpringApplication.java:1340)
	at org.springframework.boot.SpringApplication.run(SpringApplication.java:1329)
	at com.lyn.wiki.WikiApplication.main(WikiApplication.java:10)
	at java.base/jdk.internal.reflect.NativeMethodAccessorImpl.invoke0(Native Method)
	at java.base/jdk.internal.reflect.NativeMethodAccessorImpl.invoke(NativeMethodAccessorImpl.java:62)
	at java.base/jdk.internal.reflect.DelegatingMethodAccessorImpl.invoke(DelegatingMethodAccessorImpl.java:43)
	at java.base/java.lang.reflect.Method.invoke(Method.java:566)
	at org.springframework.boot.devtools.restart.RestartLauncher.run(RestartLauncher.java:49)
