2021-04-19 00:28:08.810 INFO  com.lyn.wiki.WikiApplication                      :55   [32m                  [0;39m Starting WikiApplication using Java 11.0.9 on RyunoMacBook-Pro.local with PID 59684 (/Users/chenglliu/Desktop/project-de1/wiki/target/classes started by chenglliu in /Users/chenglliu/Desktop/project-de1/wiki)
2021-04-19 00:28:08.812 INFO  com.lyn.wiki.WikiApplication                      :675  [32m                  [0;39m No active profile set, falling back to default profiles: default
2021-04-19 00:28:09.361 INFO  o.s.boot.web.embedded.tomcat.TomcatWebServer      :108  [32m                  [0;39m Tomcat initialized with port(s): 8080 (http)
2021-04-19 00:28:09.367 INFO  org.apache.coyote.http11.Http11NioProtocol        :173  [32m                  [0;39m Initializing ProtocolHandler ["http-nio-8080"]
2021-04-19 00:28:09.367 INFO  org.apache.catalina.core.StandardService          :173  [32m                  [0;39m Starting service [Tomcat]
2021-04-19 00:28:09.368 INFO  org.apache.catalina.core.StandardEngine           :173  [32m                  [0;39m Starting Servlet engine: [Apache Tomcat/9.0.45]
2021-04-19 00:28:09.405 INFO  o.a.c.core.ContainerBase.[Tomcat].[localhost].[/] :173  [32m                  [0;39m Initializing Spring embedded WebApplicationContext
2021-04-19 00:28:09.405 INFO  o.s.b.w.s.c.ServletWebServerApplicationContext    :289  [32m                  [0;39m Root WebApplicationContext: initialization completed in 564 ms
2021-04-19 00:28:09.508 INFO  o.s.scheduling.concurrent.ThreadPoolTaskExecutor  :181  [32m                  [0;39m Initializing ExecutorService 'applicationTaskExecutor'
2021-04-19 00:28:09.626 INFO  org.apache.coyote.http11.Http11NioProtocol        :173  [32m                  [0;39m Starting ProtocolHandler ["http-nio-8080"]
2021-04-19 00:28:09.662 INFO  o.s.boot.web.embedded.tomcat.TomcatWebServer      :220  [32m                  [0;39m Tomcat started on port(s): 8080 (http) with context path ''
2021-04-19 00:28:09.676 INFO  com.lyn.wiki.WikiApplication                      :61   [32m                  [0;39m Started WikiApplication in 1.157 seconds (JVM running for 1.66)
2021-04-19 00:28:47.997 INFO  o.s.scheduling.concurrent.ThreadPoolTaskExecutor  :218  [32m                  [0;39m Shutting down ExecutorService 'applicationTaskExecutor'
2021-04-19 00:28:51.269 INFO  com.lyn.wiki.WikiApplication                      :55   [32m                  [0;39m Starting WikiApplication using Java 11.0.9 on RyunoMacBook-Pro.local with PID 59698 (/Users/chenglliu/Desktop/project-de1/wiki/target/classes started by chenglliu in /Users/chenglliu/Desktop/project-de1/wiki)
2021-04-19 00:28:51.272 INFO  com.lyn.wiki.WikiApplication                      :675  [32m                  [0;39m No active profile set, falling back to default profiles: default
2021-04-19 00:28:51.862 INFO  o.s.boot.web.embedded.tomcat.TomcatWebServer      :108  [32m                  [0;39m Tomcat initialized with port(s): 8080 (http)
2021-04-19 00:28:51.868 INFO  org.apache.coyote.http11.Http11NioProtocol        :173  [32m                  [0;39m Initializing ProtocolHandler ["http-nio-8080"]
2021-04-19 00:28:51.868 INFO  org.apache.catalina.core.StandardService          :173  [32m                  [0;39m Starting service [Tomcat]
2021-04-19 00:28:51.869 INFO  org.apache.catalina.core.StandardEngine           :173  [32m                  [0;39m Starting Servlet engine: [Apache Tomcat/9.0.45]
2021-04-19 00:28:51.907 INFO  o.a.c.core.ContainerBase.[Tomcat].[localhost].[/] :173  [32m                  [0;39m Initializing Spring embedded WebApplicationContext
2021-04-19 00:28:51.907 INFO  o.s.b.w.s.c.ServletWebServerApplicationContext    :289  [32m                  [0;39m Root WebApplicationContext: initialization completed in 599 ms
2021-04-19 00:28:52.019 INFO  o.s.scheduling.concurrent.ThreadPoolTaskExecutor  :181  [32m                  [0;39m Initializing ExecutorService 'applicationTaskExecutor'
2021-04-19 00:28:52.138 INFO  org.apache.coyote.http11.Http11NioProtocol        :173  [32m                  [0;39m Starting ProtocolHandler ["http-nio-8080"]
2021-04-19 00:28:52.171 INFO  o.s.boot.web.embedded.tomcat.TomcatWebServer      :220  [32m                  [0;39m Tomcat started on port(s): 8080 (http) with context path ''
2021-04-19 00:28:52.182 INFO  com.lyn.wiki.WikiApplication                      :61   [32m                  [0;39m Started WikiApplication in 1.235 seconds (JVM running for 1.93)
2021-04-19 00:42:34.546 INFO  o.s.scheduling.concurrent.ThreadPoolTaskExecutor  :218  [32m                  [0;39m Shutting down ExecutorService 'applicationTaskExecutor'
2021-04-19 00:43:18.818 INFO  com.lyn.wiki.WikiApplication                      :55   [32m                  [0;39m Starting WikiApplication using Java 11.0.9 on RyunoMacBook-Pro.local with PID 59848 (/Users/chenglliu/Desktop/project-de1/wiki/target/classes started by chenglliu in /Users/chenglliu/Desktop/project-de1/wiki)
2021-04-19 00:43:18.822 INFO  com.lyn.wiki.WikiApplication                      :675  [32m                  [0;39m No active profile set, falling back to default profiles: default
2021-04-19 00:43:19.456 INFO  o.s.boot.web.embedded.tomcat.TomcatWebServer      :108  [32m                  [0;39m Tomcat initialized with port(s): 8080 (http)
2021-04-19 00:43:19.462 INFO  org.apache.coyote.http11.Http11NioProtocol        :173  [32m                  [0;39m Initializing ProtocolHandler ["http-nio-8080"]
2021-04-19 00:43:19.463 INFO  org.apache.catalina.core.StandardService          :173  [32m                  [0;39m Starting service [Tomcat]
2021-04-19 00:43:19.463 INFO  org.apache.catalina.core.StandardEngine           :173  [32m                  [0;39m Starting Servlet engine: [Apache Tomcat/9.0.45]
2021-04-19 00:43:19.503 INFO  o.a.c.core.ContainerBase.[Tomcat].[localhost].[/] :173  [32m                  [0;39m Initializing Spring embedded WebApplicationContext
2021-04-19 00:43:19.503 INFO  o.s.b.w.s.c.ServletWebServerApplicationContext    :289  [32m                  [0;39m Root WebApplicationContext: initialization completed in 630 ms
2021-04-19 00:43:19.607 INFO  o.s.scheduling.concurrent.ThreadPoolTaskExecutor  :181  [32m                  [0;39m Initializing ExecutorService 'applicationTaskExecutor'
2021-04-19 00:43:19.740 INFO  org.apache.coyote.http11.Http11NioProtocol        :173  [32m                  [0;39m Starting ProtocolHandler ["http-nio-8080"]
2021-04-19 00:43:19.776 INFO  o.s.boot.web.embedded.tomcat.TomcatWebServer      :220  [32m                  [0;39m Tomcat started on port(s): 8080 (http) with context path ''
2021-04-19 00:43:19.786 INFO  com.lyn.wiki.WikiApplication                      :61   [32m                  [0;39m Started WikiApplication in 1.317 seconds (JVM running for 1.968)
2021-04-19 00:43:25.840 INFO  o.a.c.core.ContainerBase.[Tomcat].[localhost].[/] :173  [32m                  [0;39m Initializing Spring DispatcherServlet 'dispatcherServlet'
2021-04-19 00:43:25.841 INFO  org.springframework.web.servlet.DispatcherServlet :525  [32m                  [0;39m Initializing Servlet 'dispatcherServlet'
2021-04-19 00:43:25.843 INFO  org.springframework.web.servlet.DispatcherServlet :547  [32m                  [0;39m Completed initialization in 1 ms
2021-04-19 00:44:39.639 INFO  o.s.scheduling.concurrent.ThreadPoolTaskExecutor  :218  [32m                  [0;39m Shutting down ExecutorService 'applicationTaskExecutor'
2021-04-19 00:44:46.912 INFO  com.lyn.wiki.WikiApplication                      :55   [32m                  [0;39m Starting WikiApplication using Java 11.0.9 on RyunoMacBook-Pro.local with PID 59876 (/Users/chenglliu/Desktop/project-de1/wiki/target/classes started by chenglliu in /Users/chenglliu/Desktop/project-de1/wiki)
2021-04-19 00:44:46.914 INFO  com.lyn.wiki.WikiApplication                      :675  [32m                  [0;39m No active profile set, falling back to default profiles: default
2021-04-19 00:44:47.449 INFO  o.s.boot.web.embedded.tomcat.TomcatWebServer      :108  [32m                  [0;39m Tomcat initialized with port(s): 8080 (http)
2021-04-19 00:44:47.454 INFO  org.apache.coyote.http11.Http11NioProtocol        :173  [32m                  [0;39m Initializing ProtocolHandler ["http-nio-8080"]
2021-04-19 00:44:47.455 INFO  org.apache.catalina.core.StandardService          :173  [32m                  [0;39m Starting service [Tomcat]
2021-04-19 00:44:47.456 INFO  org.apache.catalina.core.StandardEngine           :173  [32m                  [0;39m Starting Servlet engine: [Apache Tomcat/9.0.45]
2021-04-19 00:44:47.493 INFO  o.a.c.core.ContainerBase.[Tomcat].[localhost].[/] :173  [32m                  [0;39m Initializing Spring embedded WebApplicationContext
2021-04-19 00:44:47.494 INFO  o.s.b.w.s.c.ServletWebServerApplicationContext    :289  [32m                  [0;39m Root WebApplicationContext: initialization completed in 550 ms
2021-04-19 00:44:47.593 INFO  o.s.scheduling.concurrent.ThreadPoolTaskExecutor  :181  [32m                  [0;39m Initializing ExecutorService 'applicationTaskExecutor'
2021-04-19 00:44:47.700 INFO  org.apache.coyote.http11.Http11NioProtocol        :173  [32m                  [0;39m Starting ProtocolHandler ["http-nio-8080"]
2021-04-19 00:44:47.736 INFO  o.s.boot.web.embedded.tomcat.TomcatWebServer      :220  [32m                  [0;39m Tomcat started on port(s): 8080 (http) with context path ''
2021-04-19 00:44:47.748 INFO  com.lyn.wiki.WikiApplication                      :61   [32m                  [0;39m Started WikiApplication in 1.12 seconds (JVM running for 1.589)
2021-04-19 00:45:09.668 INFO  o.a.c.core.ContainerBase.[Tomcat].[localhost].[/] :173  [32m                  [0;39m Initializing Spring DispatcherServlet 'dispatcherServlet'
2021-04-19 00:45:09.669 INFO  org.springframework.web.servlet.DispatcherServlet :525  [32m                  [0;39m Initializing Servlet 'dispatcherServlet'
2021-04-19 00:45:09.670 INFO  org.springframework.web.servlet.DispatcherServlet :547  [32m                  [0;39m Completed initialization in 1 ms
2021-04-19 01:11:21.124 INFO  o.s.scheduling.concurrent.ThreadPoolTaskExecutor  :218  [32m                  [0;39m Shutting down ExecutorService 'applicationTaskExecutor'
2021-04-19 01:11:45.484 INFO  com.lyn.wiki.WikiApplication                      :55   [32m                  [0;39m Starting WikiApplication using Java 11.0.9 on RyunoMacBook-Pro.local with PID 60111 (/Users/chenglliu/Desktop/project-de1/wiki/target/classes started by chenglliu in /Users/chenglliu/Desktop/project-de1/wiki)
2021-04-19 01:11:45.487 INFO  com.lyn.wiki.WikiApplication                      :675  [32m                  [0;39m No active profile set, falling back to default profiles: default
2021-04-19 01:11:45.528 INFO  o.s.b.d.env.DevToolsPropertyDefaultsPostProcessor :255  [32m                  [0;39m Devtools property defaults active! Set 'spring.devtools.add-properties' to 'false' to disable
2021-04-19 01:11:45.529 INFO  o.s.b.d.env.DevToolsPropertyDefaultsPostProcessor :255  [32m                  [0;39m For additional web related logging consider setting the 'logging.level.web' property to 'DEBUG'
2021-04-19 01:11:46.185 INFO  o.s.boot.web.embedded.tomcat.TomcatWebServer      :108  [32m                  [0;39m Tomcat initialized with port(s): 8080 (http)
2021-04-19 01:11:46.192 INFO  org.apache.coyote.http11.Http11NioProtocol        :173  [32m                  [0;39m Initializing ProtocolHandler ["http-nio-8080"]
2021-04-19 01:11:46.192 INFO  org.apache.catalina.core.StandardService          :173  [32m                  [0;39m Starting service [Tomcat]
2021-04-19 01:11:46.193 INFO  org.apache.catalina.core.StandardEngine           :173  [32m                  [0;39m Starting Servlet engine: [Apache Tomcat/9.0.45]
2021-04-19 01:11:46.234 INFO  o.a.c.core.ContainerBase.[Tomcat].[localhost].[/] :173  [32m                  [0;39m Initializing Spring embedded WebApplicationContext
2021-04-19 01:11:46.235 INFO  o.s.b.w.s.c.ServletWebServerApplicationContext    :289  [32m                  [0;39m Root WebApplicationContext: initialization completed in 705 ms
2021-04-19 01:11:46.377 INFO  o.s.scheduling.concurrent.ThreadPoolTaskExecutor  :181  [32m                  [0;39m Initializing ExecutorService 'applicationTaskExecutor'
2021-04-19 01:11:46.529 INFO  o.s.b.d.autoconfigure.OptionalLiveReloadServer    :58   [32m                  [0;39m LiveReload server is running on port 35729
2021-04-19 01:11:46.543 INFO  org.apache.coyote.http11.Http11NioProtocol        :173  [32m                  [0;39m Starting ProtocolHandler ["http-nio-8080"]
2021-04-19 01:11:46.563 INFO  o.s.boot.web.embedded.tomcat.TomcatWebServer      :220  [32m                  [0;39m Tomcat started on port(s): 8080 (http) with context path ''
2021-04-19 01:11:46.575 INFO  com.lyn.wiki.WikiApplication                      :61   [32m                  [0;39m Started WikiApplication in 1.487 seconds (JVM running for 2.312)
2021-04-19 01:12:08.093 INFO  o.s.scheduling.concurrent.ThreadPoolTaskExecutor  :218  [32m                  [0;39m Shutting down ExecutorService 'applicationTaskExecutor'
2021-04-19 01:12:08.148 INFO  com.lyn.wiki.WikiApplication                      :55   [32m                  [0;39m Starting WikiApplication using Java 11.0.9 on RyunoMacBook-Pro.local with PID 60111 (/Users/chenglliu/Desktop/project-de1/wiki/target/classes started by chenglliu in /Users/chenglliu/Desktop/project-de1/wiki)
2021-04-19 01:12:08.149 INFO  com.lyn.wiki.WikiApplication                      :675  [32m                  [0;39m No active profile set, falling back to default profiles: default
2021-04-19 01:12:08.283 INFO  o.s.boot.web.embedded.tomcat.TomcatWebServer      :108  [32m                  [0;39m Tomcat initialized with port(s): 8080 (http)
2021-04-19 01:12:08.284 INFO  org.apache.coyote.http11.Http11NioProtocol        :173  [32m                  [0;39m Initializing ProtocolHandler ["http-nio-8080"]
2021-04-19 01:12:08.284 INFO  org.apache.catalina.core.StandardService          :173  [32m                  [0;39m Starting service [Tomcat]
2021-04-19 01:12:08.284 INFO  org.apache.catalina.core.StandardEngine           :173  [32m                  [0;39m Starting Servlet engine: [Apache Tomcat/9.0.45]
2021-04-19 01:12:08.293 INFO  o.a.c.core.ContainerBase.[Tomcat].[localhost].[/] :173  [32m                  [0;39m Initializing Spring embedded WebApplicationContext
2021-04-19 01:12:08.293 INFO  o.s.b.w.s.c.ServletWebServerApplicationContext    :289  [32m                  [0;39m Root WebApplicationContext: initialization completed in 142 ms
2021-04-19 01:12:08.335 INFO  o.s.scheduling.concurrent.ThreadPoolTaskExecutor  :181  [32m                  [0;39m Initializing ExecutorService 'applicationTaskExecutor'
2021-04-19 01:12:08.363 INFO  o.s.b.d.autoconfigure.OptionalLiveReloadServer    :58   [32m                  [0;39m LiveReload server is running on port 35729
2021-04-19 01:12:08.369 INFO  org.apache.coyote.http11.Http11NioProtocol        :173  [32m                  [0;39m Starting ProtocolHandler ["http-nio-8080"]
2021-04-19 01:12:08.371 INFO  o.s.boot.web.embedded.tomcat.TomcatWebServer      :220  [32m                  [0;39m Tomcat started on port(s): 8080 (http) with context path ''
2021-04-19 01:12:08.374 INFO  com.lyn.wiki.WikiApplication                      :61   [32m                  [0;39m Started WikiApplication in 0.257 seconds (JVM running for 24.111)
2021-04-19 01:12:08.375 INFO  o.s.b.d.a.ConditionEvaluationDeltaLoggingListener :63   [32m                  [0;39m Condition evaluation unchanged
2021-04-19 01:12:09.794 INFO  o.s.scheduling.concurrent.ThreadPoolTaskExecutor  :218  [32m                  [0;39m Shutting down ExecutorService 'applicationTaskExecutor'
2021-04-19 01:12:09.841 INFO  com.lyn.wiki.WikiApplication                      :55   [32m                  [0;39m Starting WikiApplication using Java 11.0.9 on RyunoMacBook-Pro.local with PID 60111 (/Users/chenglliu/Desktop/project-de1/wiki/target/classes started by chenglliu in /Users/chenglliu/Desktop/project-de1/wiki)
2021-04-19 01:12:09.842 INFO  com.lyn.wiki.WikiApplication                      :675  [32m                  [0;39m No active profile set, falling back to default profiles: default
2021-04-19 01:12:09.966 INFO  o.s.boot.web.embedded.tomcat.TomcatWebServer      :108  [32m                  [0;39m Tomcat initialized with port(s): 8080 (http)
2021-04-19 01:12:09.967 INFO  org.apache.coyote.http11.Http11NioProtocol        :173  [32m                  [0;39m Initializing ProtocolHandler ["http-nio-8080"]
2021-04-19 01:12:09.967 INFO  org.apache.catalina.core.StandardService          :173  [32m                  [0;39m Starting service [Tomcat]
2021-04-19 01:12:09.967 INFO  org.apache.catalina.core.StandardEngine           :173  [32m                  [0;39m Starting Servlet engine: [Apache Tomcat/9.0.45]
2021-04-19 01:12:09.977 INFO  o.a.c.core.ContainerBase.[Tomcat].[localhost].[/] :173  [32m                  [0;39m Initializing Spring embedded WebApplicationContext
2021-04-19 01:12:09.977 INFO  o.s.b.w.s.c.ServletWebServerApplicationContext    :289  [32m                  [0;39m Root WebApplicationContext: initialization completed in 133 ms
2021-04-19 01:12:10.009 INFO  o.s.scheduling.concurrent.ThreadPoolTaskExecutor  :181  [32m                  [0;39m Initializing ExecutorService 'applicationTaskExecutor'
2021-04-19 01:12:10.040 INFO  o.s.b.d.autoconfigure.OptionalLiveReloadServer    :58   [32m                  [0;39m LiveReload server is running on port 35729
2021-04-19 01:12:10.047 INFO  org.apache.coyote.http11.Http11NioProtocol        :173  [32m                  [0;39m Starting ProtocolHandler ["http-nio-8080"]
2021-04-19 01:12:10.049 INFO  o.s.boot.web.embedded.tomcat.TomcatWebServer      :220  [32m                  [0;39m Tomcat started on port(s): 8080 (http) with context path ''
2021-04-19 01:12:10.052 INFO  com.lyn.wiki.WikiApplication                      :61   [32m                  [0;39m Started WikiApplication in 0.234 seconds (JVM running for 25.79)
2021-04-19 01:12:10.054 INFO  o.s.b.d.a.ConditionEvaluationDeltaLoggingListener :63   [32m                  [0;39m Condition evaluation unchanged
2021-04-19 01:12:31.149 INFO  o.a.c.core.ContainerBase.[Tomcat].[localhost].[/] :173  [32m                  [0;39m Initializing Spring DispatcherServlet 'dispatcherServlet'
2021-04-19 01:12:31.150 INFO  org.springframework.web.servlet.DispatcherServlet :525  [32m                  [0;39m Initializing Servlet 'dispatcherServlet'
2021-04-19 01:12:31.151 INFO  org.springframework.web.servlet.DispatcherServlet :547  [32m                  [0;39m Completed initialization in 1 ms
2021-04-19 01:12:48.230 INFO  o.s.scheduling.concurrent.ThreadPoolTaskExecutor  :218  [32m                  [0;39m Shutting down ExecutorService 'applicationTaskExecutor'
2021-04-19 01:12:51.877 INFO  com.lyn.wiki.WikiApplication                      :55   [32m                  [0;39m Starting WikiApplication using Java 11.0.9 on RyunoMacBook-Pro.local with PID 60146 (/Users/chenglliu/Desktop/project-de1/wiki/target/classes started by chenglliu in /Users/chenglliu/Desktop/project-de1/wiki)
2021-04-19 01:12:51.879 INFO  com.lyn.wiki.WikiApplication                      :675  [32m                  [0;39m No active profile set, falling back to default profiles: default
2021-04-19 01:12:51.908 INFO  o.s.b.d.env.DevToolsPropertyDefaultsPostProcessor :255  [32m                  [0;39m Devtools property defaults active! Set 'spring.devtools.add-properties' to 'false' to disable
2021-04-19 01:12:51.909 INFO  o.s.b.d.env.DevToolsPropertyDefaultsPostProcessor :255  [32m                  [0;39m For additional web related logging consider setting the 'logging.level.web' property to 'DEBUG'
2021-04-19 01:12:52.473 INFO  o.s.boot.web.embedded.tomcat.TomcatWebServer      :108  [32m                  [0;39m Tomcat initialized with port(s): 8080 (http)
2021-04-19 01:12:52.479 INFO  org.apache.coyote.http11.Http11NioProtocol        :173  [32m                  [0;39m Initializing ProtocolHandler ["http-nio-8080"]
2021-04-19 01:12:52.479 INFO  org.apache.catalina.core.StandardService          :173  [32m                  [0;39m Starting service [Tomcat]
2021-04-19 01:12:52.479 INFO  org.apache.catalina.core.StandardEngine           :173  [32m                  [0;39m Starting Servlet engine: [Apache Tomcat/9.0.45]
2021-04-19 01:12:52.510 INFO  o.a.c.core.ContainerBase.[Tomcat].[localhost].[/] :173  [32m                  [0;39m Initializing Spring embedded WebApplicationContext
2021-04-19 01:12:52.510 INFO  o.s.b.w.s.c.ServletWebServerApplicationContext    :289  [32m                  [0;39m Root WebApplicationContext: initialization completed in 601 ms
2021-04-19 01:12:52.631 INFO  o.s.scheduling.concurrent.ThreadPoolTaskExecutor  :181  [32m                  [0;39m Initializing ExecutorService 'applicationTaskExecutor'
2021-04-19 01:12:52.756 INFO  o.s.b.d.autoconfigure.OptionalLiveReloadServer    :58   [32m                  [0;39m LiveReload server is running on port 35729
2021-04-19 01:12:52.769 INFO  org.apache.coyote.http11.Http11NioProtocol        :173  [32m                  [0;39m Starting ProtocolHandler ["http-nio-8080"]
2021-04-19 01:12:52.791 INFO  o.s.boot.web.embedded.tomcat.TomcatWebServer      :220  [32m                  [0;39m Tomcat started on port(s): 8080 (http) with context path ''
2021-04-19 01:12:52.801 INFO  com.lyn.wiki.WikiApplication                      :61   [32m                  [0;39m Started WikiApplication in 1.228 seconds (JVM running for 1.743)
2021-04-19 01:13:02.630 INFO  o.s.scheduling.concurrent.ThreadPoolTaskExecutor  :218  [32m                  [0;39m Shutting down ExecutorService 'applicationTaskExecutor'
2021-04-19 01:13:02.683 INFO  com.lyn.wiki.WikiApplication                      :55   [32m                  [0;39m Starting WikiApplication using Java 11.0.9 on RyunoMacBook-Pro.local with PID 60146 (/Users/chenglliu/Desktop/project-de1/wiki/target/classes started by chenglliu in /Users/chenglliu/Desktop/project-de1/wiki)
2021-04-19 01:13:02.683 INFO  com.lyn.wiki.WikiApplication                      :675  [32m                  [0;39m No active profile set, falling back to default profiles: default
2021-04-19 01:13:02.812 INFO  o.s.boot.web.embedded.tomcat.TomcatWebServer      :108  [32m                  [0;39m Tomcat initialized with port(s): 8080 (http)
2021-04-19 01:13:02.813 INFO  org.apache.coyote.http11.Http11NioProtocol        :173  [32m                  [0;39m Initializing ProtocolHandler ["http-nio-8080"]
2021-04-19 01:13:02.814 INFO  org.apache.catalina.core.StandardService          :173  [32m                  [0;39m Starting service [Tomcat]
2021-04-19 01:13:02.814 INFO  org.apache.catalina.core.StandardEngine           :173  [32m                  [0;39m Starting Servlet engine: [Apache Tomcat/9.0.45]
2021-04-19 01:13:02.821 INFO  o.a.c.core.ContainerBase.[Tomcat].[localhost].[/] :173  [32m                  [0;39m Initializing Spring embedded WebApplicationContext
2021-04-19 01:13:02.822 INFO  o.s.b.w.s.c.ServletWebServerApplicationContext    :289  [32m                  [0;39m Root WebApplicationContext: initialization completed in 137 ms
2021-04-19 01:13:02.858 INFO  o.s.scheduling.concurrent.ThreadPoolTaskExecutor  :181  [32m                  [0;39m Initializing ExecutorService 'applicationTaskExecutor'
2021-04-19 01:13:02.888 INFO  o.s.b.d.autoconfigure.OptionalLiveReloadServer    :58   [32m                  [0;39m LiveReload server is running on port 35729
2021-04-19 01:13:02.895 INFO  org.apache.coyote.http11.Http11NioProtocol        :173  [32m                  [0;39m Starting ProtocolHandler ["http-nio-8080"]
2021-04-19 01:13:02.897 INFO  o.s.boot.web.embedded.tomcat.TomcatWebServer      :220  [32m                  [0;39m Tomcat started on port(s): 8080 (http) with context path ''
2021-04-19 01:13:02.900 INFO  com.lyn.wiki.WikiApplication                      :61   [32m                  [0;39m Started WikiApplication in 0.245 seconds (JVM running for 11.843)
2021-04-19 01:13:02.902 INFO  o.s.b.d.a.ConditionEvaluationDeltaLoggingListener :63   [32m                  [0;39m Condition evaluation unchanged
2021-04-19 01:13:14.278 INFO  o.a.c.core.ContainerBase.[Tomcat].[localhost].[/] :173  [32m                  [0;39m Initializing Spring DispatcherServlet 'dispatcherServlet'
2021-04-19 01:13:14.279 INFO  org.springframework.web.servlet.DispatcherServlet :525  [32m                  [0;39m Initializing Servlet 'dispatcherServlet'
2021-04-19 01:13:14.280 INFO  org.springframework.web.servlet.DispatcherServlet :547  [32m                  [0;39m Completed initialization in 1 ms
2021-04-19 01:13:24.418 INFO  o.s.scheduling.concurrent.ThreadPoolTaskExecutor  :218  [32m                  [0;39m Shutting down ExecutorService 'applicationTaskExecutor'
2021-04-19 01:13:24.462 INFO  com.lyn.wiki.WikiApplication                      :55   [32m                  [0;39m Starting WikiApplication using Java 11.0.9 on RyunoMacBook-Pro.local with PID 60146 (/Users/chenglliu/Desktop/project-de1/wiki/target/classes started by chenglliu in /Users/chenglliu/Desktop/project-de1/wiki)
2021-04-19 01:13:24.463 INFO  com.lyn.wiki.WikiApplication                      :675  [32m                  [0;39m No active profile set, falling back to default profiles: default
2021-04-19 01:13:24.562 INFO  o.s.boot.web.embedded.tomcat.TomcatWebServer      :108  [32m                  [0;39m Tomcat initialized with port(s): 8080 (http)
2021-04-19 01:13:24.563 INFO  org.apache.coyote.http11.Http11NioProtocol        :173  [32m                  [0;39m Initializing ProtocolHandler ["http-nio-8080"]
2021-04-19 01:13:24.563 INFO  org.apache.catalina.core.StandardService          :173  [32m                  [0;39m Starting service [Tomcat]
2021-04-19 01:13:24.563 INFO  org.apache.catalina.core.StandardEngine           :173  [32m                  [0;39m Starting Servlet engine: [Apache Tomcat/9.0.45]
2021-04-19 01:13:24.571 INFO  o.a.c.core.ContainerBase.[Tomcat].[localhost].[/] :173  [32m                  [0;39m Initializing Spring embedded WebApplicationContext
2021-04-19 01:13:24.571 INFO  o.s.b.w.s.c.ServletWebServerApplicationContext    :289  [32m                  [0;39m Root WebApplicationContext: initialization completed in 106 ms
2021-04-19 01:13:24.598 INFO  o.s.scheduling.concurrent.ThreadPoolTaskExecutor  :181  [32m                  [0;39m Initializing ExecutorService 'applicationTaskExecutor'
2021-04-19 01:13:24.621 INFO  o.s.b.d.autoconfigure.OptionalLiveReloadServer    :58   [32m                  [0;39m LiveReload server is running on port 35729
2021-04-19 01:13:24.626 INFO  org.apache.coyote.http11.Http11NioProtocol        :173  [32m                  [0;39m Starting ProtocolHandler ["http-nio-8080"]
2021-04-19 01:13:24.628 INFO  o.s.boot.web.embedded.tomcat.TomcatWebServer      :220  [32m                  [0;39m Tomcat started on port(s): 8080 (http) with context path ''
2021-04-19 01:13:24.631 INFO  com.lyn.wiki.WikiApplication                      :61   [32m                  [0;39m Started WikiApplication in 0.191 seconds (JVM running for 33.573)
2021-04-19 01:13:24.632 INFO  o.s.b.d.a.ConditionEvaluationDeltaLoggingListener :63   [32m                  [0;39m Condition evaluation unchanged
2021-04-19 01:13:26.050 INFO  o.s.scheduling.concurrent.ThreadPoolTaskExecutor  :218  [32m                  [0;39m Shutting down ExecutorService 'applicationTaskExecutor'
2021-04-19 01:13:26.097 INFO  com.lyn.wiki.WikiApplication                      :55   [32m                  [0;39m Starting WikiApplication using Java 11.0.9 on RyunoMacBook-Pro.local with PID 60146 (/Users/chenglliu/Desktop/project-de1/wiki/target/classes started by chenglliu in /Users/chenglliu/Desktop/project-de1/wiki)
2021-04-19 01:13:26.097 INFO  com.lyn.wiki.WikiApplication                      :675  [32m                  [0;39m No active profile set, falling back to default profiles: default
2021-04-19 01:13:26.190 INFO  o.s.boot.web.embedded.tomcat.TomcatWebServer      :108  [32m                  [0;39m Tomcat initialized with port(s): 8080 (http)
2021-04-19 01:13:26.191 INFO  org.apache.coyote.http11.Http11NioProtocol        :173  [32m                  [0;39m Initializing ProtocolHandler ["http-nio-8080"]
2021-04-19 01:13:26.191 INFO  org.apache.catalina.core.StandardService          :173  [32m                  [0;39m Starting service [Tomcat]
2021-04-19 01:13:26.191 INFO  org.apache.catalina.core.StandardEngine           :173  [32m                  [0;39m Starting Servlet engine: [Apache Tomcat/9.0.45]
2021-04-19 01:13:26.197 INFO  o.a.c.core.ContainerBase.[Tomcat].[localhost].[/] :173  [32m                  [0;39m Initializing Spring embedded WebApplicationContext
2021-04-19 01:13:26.197 INFO  o.s.b.w.s.c.ServletWebServerApplicationContext    :289  [32m                  [0;39m Root WebApplicationContext: initialization completed in 98 ms
2021-04-19 01:13:26.217 INFO  o.s.scheduling.concurrent.ThreadPoolTaskExecutor  :181  [32m                  [0;39m Initializing ExecutorService 'applicationTaskExecutor'
2021-04-19 01:13:26.237 INFO  o.s.b.d.autoconfigure.OptionalLiveReloadServer    :58   [32m                  [0;39m LiveReload server is running on port 35729
2021-04-19 01:13:26.241 INFO  org.apache.coyote.http11.Http11NioProtocol        :173  [32m                  [0;39m Starting ProtocolHandler ["http-nio-8080"]
2021-04-19 01:13:26.243 INFO  o.s.boot.web.embedded.tomcat.TomcatWebServer      :220  [32m                  [0;39m Tomcat started on port(s): 8080 (http) with context path ''
2021-04-19 01:13:26.245 INFO  com.lyn.wiki.WikiApplication                      :61   [32m                  [0;39m Started WikiApplication in 0.169 seconds (JVM running for 35.188)
2021-04-19 01:13:26.246 INFO  o.s.b.d.a.ConditionEvaluationDeltaLoggingListener :63   [32m                  [0;39m Condition evaluation unchanged
2021-04-19 12:55:20.082 INFO  o.s.scheduling.concurrent.ThreadPoolTaskExecutor  :218  [32m                  [0;39m Shutting down ExecutorService 'applicationTaskExecutor'
2021-04-19 12:55:20.298 INFO  com.lyn.wiki.WikiApplication                      :55   [32m                  [0;39m Starting WikiApplication using Java 11.0.9 on RyunoMacBook-Pro.local with PID 60146 (/Users/chenglliu/Desktop/project-de1/wiki/target/classes started by chenglliu in /Users/chenglliu/Desktop/project-de1/wiki)
2021-04-19 12:55:20.298 INFO  com.lyn.wiki.WikiApplication                      :675  [32m                  [0;39m No active profile set, falling back to default profiles: default
2021-04-19 12:55:20.447 INFO  o.s.boot.web.embedded.tomcat.TomcatWebServer      :108  [32m                  [0;39m Tomcat initialized with port(s): 8080 (http)
2021-04-19 12:55:20.448 INFO  org.apache.coyote.http11.Http11NioProtocol        :173  [32m                  [0;39m Initializing ProtocolHandler ["http-nio-8080"]
2021-04-19 12:55:20.448 INFO  org.apache.catalina.core.StandardService          :173  [32m                  [0;39m Starting service [Tomcat]
2021-04-19 12:55:20.448 INFO  org.apache.catalina.core.StandardEngine           :173  [32m                  [0;39m Starting Servlet engine: [Apache Tomcat/9.0.45]
2021-04-19 12:55:20.455 INFO  o.a.c.core.ContainerBase.[Tomcat].[localhost].[/] :173  [32m                  [0;39m Initializing Spring embedded WebApplicationContext
2021-04-19 12:55:20.455 INFO  o.s.b.w.s.c.ServletWebServerApplicationContext    :289  [32m                  [0;39m Root WebApplicationContext: initialization completed in 155 ms
2021-04-19 12:55:20.484 INFO  o.s.scheduling.concurrent.ThreadPoolTaskExecutor  :181  [32m                  [0;39m Initializing ExecutorService 'applicationTaskExecutor'
2021-04-19 12:55:20.516 INFO  o.s.b.d.autoconfigure.OptionalLiveReloadServer    :58   [32m                  [0;39m LiveReload server is running on port 35729
2021-04-19 12:55:20.524 INFO  org.apache.coyote.http11.Http11NioProtocol        :173  [32m                  [0;39m Starting ProtocolHandler ["http-nio-8080"]
2021-04-19 12:55:20.526 INFO  o.s.boot.web.embedded.tomcat.TomcatWebServer      :220  [32m                  [0;39m Tomcat started on port(s): 8080 (http) with context path ''
2021-04-19 12:55:20.529 INFO  com.lyn.wiki.WikiApplication                      :61   [32m                  [0;39m Started WikiApplication in 0.394 seconds (JVM running for 7645.638)
2021-04-19 12:55:20.531 INFO  o.s.b.d.a.ConditionEvaluationDeltaLoggingListener :63   [32m                  [0;39m Condition evaluation unchanged
2021-04-19 12:55:21.936 INFO  o.s.scheduling.concurrent.ThreadPoolTaskExecutor  :218  [32m                  [0;39m Shutting down ExecutorService 'applicationTaskExecutor'
2021-04-19 12:55:21.983 INFO  com.lyn.wiki.WikiApplication                      :55   [32m                  [0;39m Starting WikiApplication using Java 11.0.9 on RyunoMacBook-Pro.local with PID 60146 (/Users/chenglliu/Desktop/project-de1/wiki/target/classes started by chenglliu in /Users/chenglliu/Desktop/project-de1/wiki)
2021-04-19 12:55:21.983 INFO  com.lyn.wiki.WikiApplication                      :675  [32m                  [0;39m No active profile set, falling back to default profiles: default
2021-04-19 12:55:22.074 INFO  o.s.boot.web.embedded.tomcat.TomcatWebServer      :108  [32m                  [0;39m Tomcat initialized with port(s): 8080 (http)
2021-04-19 12:55:22.074 INFO  org.apache.coyote.http11.Http11NioProtocol        :173  [32m                  [0;39m Initializing ProtocolHandler ["http-nio-8080"]
2021-04-19 12:55:22.074 INFO  org.apache.catalina.core.StandardService          :173  [32m                  [0;39m Starting service [Tomcat]
2021-04-19 12:55:22.074 INFO  org.apache.catalina.core.StandardEngine           :173  [32m                  [0;39m Starting Servlet engine: [Apache Tomcat/9.0.45]
2021-04-19 12:55:22.080 INFO  o.a.c.core.ContainerBase.[Tomcat].[localhost].[/] :173  [32m                  [0;39m Initializing Spring embedded WebApplicationContext
2021-04-19 12:55:22.080 INFO  o.s.b.w.s.c.ServletWebServerApplicationContext    :289  [32m                  [0;39m Root WebApplicationContext: initialization completed in 96 ms
2021-04-19 12:55:22.102 INFO  o.s.scheduling.concurrent.ThreadPoolTaskExecutor  :181  [32m                  [0;39m Initializing ExecutorService 'applicationTaskExecutor'
2021-04-19 12:55:22.120 INFO  o.s.b.d.autoconfigure.OptionalLiveReloadServer    :58   [32m                  [0;39m LiveReload server is running on port 35729
2021-04-19 12:55:22.125 INFO  org.apache.coyote.http11.Http11NioProtocol        :173  [32m                  [0;39m Starting ProtocolHandler ["http-nio-8080"]
2021-04-19 12:55:22.127 INFO  o.s.boot.web.embedded.tomcat.TomcatWebServer      :220  [32m                  [0;39m Tomcat started on port(s): 8080 (http) with context path ''
2021-04-19 12:55:22.129 INFO  com.lyn.wiki.WikiApplication                      :61   [32m                  [0;39m Started WikiApplication in 0.165 seconds (JVM running for 7647.238)
2021-04-19 12:55:22.130 INFO  o.s.b.d.a.ConditionEvaluationDeltaLoggingListener :63   [32m                  [0;39m Condition evaluation unchanged
2021-04-19 12:56:07.090 INFO  o.s.scheduling.concurrent.ThreadPoolTaskExecutor  :218  [32m                  [0;39m Shutting down ExecutorService 'applicationTaskExecutor'
2021-04-19 13:09:05.799 INFO  com.lyn.wiki.WikiApplication                      :55   [32m                  [0;39m Starting WikiApplication using Java 11.0.9 on RyunoMacBook-Pro.local with PID 61624 (/Users/chenglliu/Desktop/project-de1/wiki/target/classes started by chenglliu in /Users/chenglliu/Desktop/project-de1/wiki)
2021-04-19 13:09:05.801 INFO  com.lyn.wiki.WikiApplication                      :675  [32m                  [0;39m No active profile set, falling back to default profiles: default
2021-04-19 13:09:05.837 INFO  o.s.b.d.env.DevToolsPropertyDefaultsPostProcessor :255  [32m                  [0;39m Devtools property defaults active! Set 'spring.devtools.add-properties' to 'false' to disable
2021-04-19 13:09:05.837 INFO  o.s.b.d.env.DevToolsPropertyDefaultsPostProcessor :255  [32m                  [0;39m For additional web related logging consider setting the 'logging.level.web' property to 'DEBUG'
2021-04-19 13:09:06.236 WARN  org.mybatis.spring.mapper.ClassPathMapperScanner  :166  [32m                  [0;39m No MyBatis mapper was found in '[com.lyn.wiki]' package. Please check your configuration.
2021-04-19 13:09:06.593 INFO  o.s.boot.web.embedded.tomcat.TomcatWebServer      :108  [32m                  [0;39m Tomcat initialized with port(s): 8880 (http)
2021-04-19 13:09:06.600 INFO  org.apache.coyote.http11.Http11NioProtocol        :173  [32m                  [0;39m Initializing ProtocolHandler ["http-nio-8880"]
2021-04-19 13:09:06.601 INFO  org.apache.catalina.core.StandardService          :173  [32m                  [0;39m Starting service [Tomcat]
2021-04-19 13:09:06.601 INFO  org.apache.catalina.core.StandardEngine           :173  [32m                  [0;39m Starting Servlet engine: [Apache Tomcat/9.0.45]
2021-04-19 13:09:06.648 INFO  o.a.c.core.ContainerBase.[Tomcat].[localhost].[/] :173  [32m                  [0;39m Initializing Spring embedded WebApplicationContext
2021-04-19 13:09:06.648 INFO  o.s.b.w.s.c.ServletWebServerApplicationContext    :289  [32m                  [0;39m Root WebApplicationContext: initialization completed in 810 ms
2021-04-19 13:09:06.811 INFO  o.s.scheduling.concurrent.ThreadPoolTaskExecutor  :181  [32m                  [0;39m Initializing ExecutorService 'applicationTaskExecutor'
2021-04-19 13:09:07.051 INFO  com.zaxxer.hikari.HikariDataSource                :110  [32m                  [0;39m HikariPool-1 - Starting...
2021-04-19 13:09:07.311 INFO  com.zaxxer.hikari.HikariDataSource                :123  [32m                  [0;39m HikariPool-1 - Start completed.
2021-04-19 13:09:07.381 INFO  o.s.b.d.autoconfigure.OptionalLiveReloadServer    :58   [32m                  [0;39m LiveReload server is running on port 35729
2021-04-19 13:09:07.395 INFO  org.apache.coyote.http11.Http11NioProtocol        :173  [32m                  [0;39m Starting ProtocolHandler ["http-nio-8880"]
2021-04-19 13:09:07.415 INFO  o.s.boot.web.embedded.tomcat.TomcatWebServer      :220  [32m                  [0;39m Tomcat started on port(s): 8880 (http) with context path ''
2021-04-19 13:09:07.425 INFO  com.lyn.wiki.WikiApplication                      :61   [32m                  [0;39m Started WikiApplication in 2.049 seconds (JVM running for 2.906)
2021-04-19 13:12:37.572 INFO  com.zaxxer.hikari.HikariDataSource                :350  [32m                  [0;39m HikariPool-1 - Shutdown initiated...
2021-04-19 13:12:37.583 INFO  com.zaxxer.hikari.HikariDataSource                :352  [32m                  [0;39m HikariPool-1 - Shutdown completed.
2021-04-19 13:12:37.584 INFO  o.s.scheduling.concurrent.ThreadPoolTaskExecutor  :218  [32m                  [0;39m Shutting down ExecutorService 'applicationTaskExecutor'
2021-04-19 13:12:45.428 INFO  com.lyn.wiki.WikiApplication                      :55   [32m                  [0;39m Starting WikiApplication using Java 11.0.9 on RyunoMacBook-Pro.local with PID 61694 (/Users/chenglliu/Desktop/project-de1/wiki/target/classes started by chenglliu in /Users/chenglliu/Desktop/project-de1/wiki)
2021-04-19 13:12:45.430 INFO  com.lyn.wiki.WikiApplication                      :675  [32m                  [0;39m No active profile set, falling back to default profiles: default
2021-04-19 13:12:45.468 INFO  o.s.b.d.env.DevToolsPropertyDefaultsPostProcessor :255  [32m                  [0;39m Devtools property defaults active! Set 'spring.devtools.add-properties' to 'false' to disable
2021-04-19 13:12:45.468 INFO  o.s.b.d.env.DevToolsPropertyDefaultsPostProcessor :255  [32m                  [0;39m For additional web related logging consider setting the 'logging.level.web' property to 'DEBUG'
2021-04-19 13:12:45.792 WARN  org.mybatis.spring.mapper.ClassPathMapperScanner  :166  [32m                  [0;39m No MyBatis mapper was found in '[com.lyn.wiki.mapper]' package. Please check your configuration.
2021-04-19 13:12:45.912 WARN  org.mybatis.spring.mapper.ClassPathMapperScanner  :166  [32m                  [0;39m No MyBatis mapper was found in '[com.lyn.wiki]' package. Please check your configuration.
2021-04-19 13:12:46.289 INFO  o.s.boot.web.embedded.tomcat.TomcatWebServer      :108  [32m                  [0;39m Tomcat initialized with port(s): 8880 (http)
2021-04-19 13:12:46.297 INFO  org.apache.coyote.http11.Http11NioProtocol        :173  [32m                  [0;39m Initializing ProtocolHandler ["http-nio-8880"]
2021-04-19 13:12:46.297 INFO  org.apache.catalina.core.StandardService          :173  [32m                  [0;39m Starting service [Tomcat]
2021-04-19 13:12:46.297 INFO  org.apache.catalina.core.StandardEngine           :173  [32m                  [0;39m Starting Servlet engine: [Apache Tomcat/9.0.45]
2021-04-19 13:12:46.354 INFO  o.a.c.core.ContainerBase.[Tomcat].[localhost].[/] :173  [32m                  [0;39m Initializing Spring embedded WebApplicationContext
2021-04-19 13:12:46.355 INFO  o.s.b.w.s.c.ServletWebServerApplicationContext    :289  [32m                  [0;39m Root WebApplicationContext: initialization completed in 886 ms
2021-04-19 13:12:46.498 INFO  o.s.scheduling.concurrent.ThreadPoolTaskExecutor  :181  [32m                  [0;39m Initializing ExecutorService 'applicationTaskExecutor'
2021-04-19 13:12:46.751 INFO  com.zaxxer.hikari.HikariDataSource                :110  [32m                  [0;39m HikariPool-1 - Starting...
2021-04-19 13:12:46.885 INFO  com.zaxxer.hikari.HikariDataSource                :123  [32m                  [0;39m HikariPool-1 - Start completed.
2021-04-19 13:12:46.951 INFO  o.s.b.d.autoconfigure.OptionalLiveReloadServer    :58   [32m                  [0;39m LiveReload server is running on port 35729
2021-04-19 13:12:46.969 INFO  org.apache.coyote.http11.Http11NioProtocol        :173  [32m                  [0;39m Starting ProtocolHandler ["http-nio-8880"]
2021-04-19 13:12:46.992 INFO  o.s.boot.web.embedded.tomcat.TomcatWebServer      :220  [32m                  [0;39m Tomcat started on port(s): 8880 (http) with context path ''
2021-04-19 13:12:47.007 INFO  com.lyn.wiki.WikiApplication                      :61   [32m                  [0;39m Started WikiApplication in 1.948 seconds (JVM running for 2.746)
2021-04-19 13:20:33.539 INFO  com.zaxxer.hikari.HikariDataSource                :350  [32m                  [0;39m HikariPool-1 - Shutdown initiated...
2021-04-19 13:20:33.548 INFO  com.zaxxer.hikari.HikariDataSource                :352  [32m                  [0;39m HikariPool-1 - Shutdown completed.
2021-04-19 13:20:33.549 INFO  o.s.scheduling.concurrent.ThreadPoolTaskExecutor  :218  [32m                  [0;39m Shutting down ExecutorService 'applicationTaskExecutor'
2021-04-19 13:20:33.827 INFO  com.lyn.wiki.WikiApplication                      :55   [32m                  [0;39m Starting WikiApplication using Java 11.0.9 on RyunoMacBook-Pro.local with PID 61694 (/Users/chenglliu/Desktop/project-de1/wiki/target/classes started by chenglliu in /Users/chenglliu/Desktop/project-de1/wiki)
2021-04-19 13:20:33.827 INFO  com.lyn.wiki.WikiApplication                      :675  [32m                  [0;39m No active profile set, falling back to default profiles: default
2021-04-19 13:20:33.921 WARN  org.mybatis.spring.mapper.ClassPathMapperScanner  :166  [32m                  [0;39m No MyBatis mapper was found in '[com.lyn.wiki.mapper]' package. Please check your configuration.
2021-04-19 13:20:33.939 WARN  org.mybatis.spring.mapper.ClassPathMapperScanner  :166  [32m                  [0;39m No MyBatis mapper was found in '[com.lyn.wiki]' package. Please check your configuration.
2021-04-19 13:20:33.999 INFO  o.s.boot.web.embedded.tomcat.TomcatWebServer      :108  [32m                  [0;39m Tomcat initialized with port(s): 8880 (http)
2021-04-19 13:20:33.999 INFO  org.apache.coyote.http11.Http11NioProtocol        :173  [32m                  [0;39m Initializing ProtocolHandler ["http-nio-8880"]
2021-04-19 13:20:34.000 INFO  org.apache.catalina.core.StandardService          :173  [32m                  [0;39m Starting service [Tomcat]
2021-04-19 13:20:34.000 INFO  org.apache.catalina.core.StandardEngine           :173  [32m                  [0;39m Starting Servlet engine: [Apache Tomcat/9.0.45]
2021-04-19 13:20:34.008 INFO  o.a.c.core.ContainerBase.[Tomcat].[localhost].[/] :173  [32m                  [0;39m Initializing Spring embedded WebApplicationContext
2021-04-19 13:20:34.008 INFO  o.s.b.w.s.c.ServletWebServerApplicationContext    :289  [32m                  [0;39m Root WebApplicationContext: initialization completed in 179 ms
2021-04-19 13:20:34.052 INFO  o.s.scheduling.concurrent.ThreadPoolTaskExecutor  :181  [32m                  [0;39m Initializing ExecutorService 'applicationTaskExecutor'
2021-04-19 13:20:34.102 INFO  com.zaxxer.hikari.HikariDataSource                :110  [32m                  [0;39m HikariPool-2 - Starting...
2021-04-19 13:20:34.126 INFO  com.zaxxer.hikari.HikariDataSource                :123  [32m                  [0;39m HikariPool-2 - Start completed.
2021-04-19 13:20:34.149 INFO  o.s.b.d.autoconfigure.OptionalLiveReloadServer    :58   [32m                  [0;39m LiveReload server is running on port 35729
2021-04-19 13:20:34.158 INFO  org.apache.coyote.http11.Http11NioProtocol        :173  [32m                  [0;39m Starting ProtocolHandler ["http-nio-8880"]
2021-04-19 13:20:34.160 INFO  o.s.boot.web.embedded.tomcat.TomcatWebServer      :220  [32m                  [0;39m Tomcat started on port(s): 8880 (http) with context path ''
2021-04-19 13:20:34.164 INFO  com.lyn.wiki.WikiApplication                      :61   [32m                  [0;39m Started WikiApplication in 0.589 seconds (JVM running for 469.917)
2021-04-19 13:20:34.165 INFO  o.s.b.d.a.ConditionEvaluationDeltaLoggingListener :63   [32m                  [0;39m Condition evaluation unchanged
2021-04-19 14:24:19.359 WARN  com.zaxxer.hikari.pool.HikariPool                 :787  [32m                  [0;39m HikariPool-2 - Thread starvation or clock leap detected (housekeeper delta=37m42s898ms).
2021-04-19 14:43:53.216 WARN  com.zaxxer.hikari.pool.HikariPool                 :787  [32m                  [0;39m HikariPool-2 - Thread starvation or clock leap detected (housekeeper delta=17m33s840ms).
2021-04-19 15:20:30.165 WARN  com.zaxxer.hikari.pool.HikariPool                 :787  [32m                  [0;39m HikariPool-2 - Thread starvation or clock leap detected (housekeeper delta=35m28s570ms).
2021-04-19 16:10:40.303 WARN  com.zaxxer.hikari.pool.HikariPool                 :787  [32m                  [0;39m HikariPool-2 - Thread starvation or clock leap detected (housekeeper delta=49m40s142ms).
2021-04-19 16:45:25.550 WARN  com.zaxxer.hikari.pool.HikariPool                 :787  [32m                  [0;39m HikariPool-2 - Thread starvation or clock leap detected (housekeeper delta=9m43s290ms).
2021-04-19 16:46:49.771 WARN  com.zaxxer.hikari.pool.HikariPool                 :787  [32m                  [0;39m HikariPool-2 - Thread starvation or clock leap detected (housekeeper delta=54s192ms).
2021-04-19 17:24:22.798 WARN  com.zaxxer.hikari.pool.HikariPool                 :787  [32m                  [0;39m HikariPool-2 - Thread starvation or clock leap detected (housekeeper delta=37m3s21ms).
2021-04-19 18:18:36.418 WARN  com.zaxxer.hikari.pool.HikariPool                 :787  [32m                  [0;39m HikariPool-2 - Thread starvation or clock leap detected (housekeeper delta=53m43s609ms).
2021-04-19 19:12:43.322 WARN  com.zaxxer.hikari.pool.HikariPool                 :787  [32m                  [0;39m HikariPool-2 - Thread starvation or clock leap detected (housekeeper delta=52m36s889ms).
2021-04-19 20:06:56.846 WARN  com.zaxxer.hikari.pool.HikariPool                 :787  [32m                  [0;39m HikariPool-2 - Thread starvation or clock leap detected (housekeeper delta=53m43s558ms).
2021-04-19 20:48:11.875 WARN  com.zaxxer.hikari.pool.HikariPool                 :787  [32m                  [0;39m HikariPool-2 - Thread starvation or clock leap detected (housekeeper delta=40m45s24ms).
2021-04-19 21:42:25.631 WARN  com.zaxxer.hikari.pool.HikariPool                 :787  [32m                  [0;39m HikariPool-2 - Thread starvation or clock leap detected (housekeeper delta=53m43s745ms).
2021-04-19 22:36:40.819 WARN  com.zaxxer.hikari.pool.HikariPool                 :787  [32m                  [0;39m HikariPool-2 - Thread starvation or clock leap detected (housekeeper delta=53m45s177ms).
2021-04-19 23:29:11.354 WARN  com.zaxxer.hikari.pool.HikariPool                 :787  [32m                  [0;39m HikariPool-2 - Thread starvation or clock leap detected (housekeeper delta=52m525ms).
2021-04-19 23:34:23.268 WARN  com.zaxxer.hikari.pool.HikariPool                 :787  [32m                  [0;39m HikariPool-2 - Thread starvation or clock leap detected (housekeeper delta=3m41s915ms).
2021-04-19 23:36:34.512 WARN  com.zaxxer.hikari.pool.HikariPool                 :787  [32m                  [0;39m HikariPool-2 - Thread starvation or clock leap detected (housekeeper delta=1m41s238ms).
2021-04-19 23:45:55.809 INFO  com.zaxxer.hikari.HikariDataSource                :350  [32m                  [0;39m HikariPool-2 - Shutdown initiated...
2021-04-19 23:45:55.828 INFO  com.zaxxer.hikari.HikariDataSource                :352  [32m                  [0;39m HikariPool-2 - Shutdown completed.
2021-04-19 23:45:55.829 INFO  o.s.scheduling.concurrent.ThreadPoolTaskExecutor  :218  [32m                  [0;39m Shutting down ExecutorService 'applicationTaskExecutor'
2021-04-19 23:45:56.078 INFO  com.lyn.wiki.WikiApplication                      :55   [32m                  [0;39m Starting WikiApplication using Java 11.0.9 on RyunoMacBook-Pro.local with PID 61694 (/Users/chenglliu/Desktop/project-de1/wiki/target/classes started by chenglliu in /Users/chenglliu/Desktop/project-de1/wiki)
2021-04-19 23:45:56.079 INFO  com.lyn.wiki.WikiApplication                      :675  [32m                  [0;39m No active profile set, falling back to default profiles: default
2021-04-19 23:45:56.168 WARN  org.mybatis.spring.mapper.ClassPathMapperScanner  :166  [32m                  [0;39m No MyBatis mapper was found in '[com.lyn.wiki.mapper]' package. Please check your configuration.
2021-04-19 23:45:56.184 WARN  org.mybatis.spring.mapper.ClassPathMapperScanner  :166  [32m                  [0;39m No MyBatis mapper was found in '[com.lyn.wiki]' package. Please check your configuration.
2021-04-19 23:45:56.238 INFO  o.s.boot.web.embedded.tomcat.TomcatWebServer      :108  [32m                  [0;39m Tomcat initialized with port(s): 8880 (http)
2021-04-19 23:45:56.239 INFO  org.apache.coyote.http11.Http11NioProtocol        :173  [32m                  [0;39m Initializing ProtocolHandler ["http-nio-8880"]
2021-04-19 23:45:56.240 INFO  org.apache.catalina.core.StandardService          :173  [32m                  [0;39m Starting service [Tomcat]
2021-04-19 23:45:56.240 INFO  org.apache.catalina.core.StandardEngine           :173  [32m                  [0;39m Starting Servlet engine: [Apache Tomcat/9.0.45]
2021-04-19 23:45:56.248 INFO  o.a.c.core.ContainerBase.[Tomcat].[localhost].[/] :173  [32m                  [0;39m Initializing Spring embedded WebApplicationContext
2021-04-19 23:45:56.249 INFO  o.s.b.w.s.c.ServletWebServerApplicationContext    :289  [32m                  [0;39m Root WebApplicationContext: initialization completed in 168 ms
2021-04-19 23:45:56.296 INFO  o.s.scheduling.concurrent.ThreadPoolTaskExecutor  :181  [32m                  [0;39m Initializing ExecutorService 'applicationTaskExecutor'
2021-04-19 23:45:56.341 INFO  com.zaxxer.hikari.HikariDataSource                :110  [32m                  [0;39m HikariPool-3 - Starting...
2021-04-19 23:45:56.360 INFO  com.zaxxer.hikari.HikariDataSource                :123  [32m                  [0;39m HikariPool-3 - Start completed.
2021-04-19 23:45:56.378 INFO  o.s.b.d.autoconfigure.OptionalLiveReloadServer    :58   [32m                  [0;39m LiveReload server is running on port 35729
2021-04-19 23:45:56.385 INFO  org.apache.coyote.http11.Http11NioProtocol        :173  [32m                  [0;39m Starting ProtocolHandler ["http-nio-8880"]
2021-04-19 23:45:56.386 INFO  o.s.boot.web.embedded.tomcat.TomcatWebServer      :220  [32m                  [0;39m Tomcat started on port(s): 8880 (http) with context path ''
2021-04-19 23:45:56.389 INFO  com.lyn.wiki.WikiApplication                      :61   [32m                  [0;39m Started WikiApplication in 0.522 seconds (JVM running for 5232.493)
2021-04-19 23:45:56.390 INFO  o.s.b.d.a.ConditionEvaluationDeltaLoggingListener :63   [32m                  [0;39m Condition evaluation unchanged
2021-04-19 23:46:13.903 INFO  com.zaxxer.hikari.HikariDataSource                :350  [32m                  [0;39m HikariPool-3 - Shutdown initiated...
2021-04-19 23:46:13.910 INFO  com.zaxxer.hikari.HikariDataSource                :352  [32m                  [0;39m HikariPool-3 - Shutdown completed.
2021-04-19 23:46:13.911 INFO  o.s.scheduling.concurrent.ThreadPoolTaskExecutor  :218  [32m                  [0;39m Shutting down ExecutorService 'applicationTaskExecutor'
2021-04-19 23:46:13.987 INFO  com.lyn.wiki.WikiApplication                      :55   [32m                  [0;39m Starting WikiApplication using Java 11.0.9 on RyunoMacBook-Pro.local with PID 61694 (/Users/chenglliu/Desktop/project-de1/wiki/target/classes started by chenglliu in /Users/chenglliu/Desktop/project-de1/wiki)
2021-04-19 23:46:13.987 INFO  com.lyn.wiki.WikiApplication                      :675  [32m                  [0;39m No active profile set, falling back to default profiles: default
2021-04-19 23:46:14.066 WARN  org.mybatis.spring.mapper.ClassPathMapperScanner  :166  [32m                  [0;39m No MyBatis mapper was found in '[com.lyn.wiki.mapper]' package. Please check your configuration.
2021-04-19 23:46:14.080 WARN  org.mybatis.spring.mapper.ClassPathMapperScanner  :166  [32m                  [0;39m No MyBatis mapper was found in '[com.lyn.wiki]' package. Please check your configuration.
2021-04-19 23:46:14.127 INFO  o.s.boot.web.embedded.tomcat.TomcatWebServer      :108  [32m                  [0;39m Tomcat initialized with port(s): 8880 (http)
2021-04-19 23:46:14.127 INFO  org.apache.coyote.http11.Http11NioProtocol        :173  [32m                  [0;39m Initializing ProtocolHandler ["http-nio-8880"]
2021-04-19 23:46:14.128 INFO  org.apache.catalina.core.StandardService          :173  [32m                  [0;39m Starting service [Tomcat]
2021-04-19 23:46:14.128 INFO  org.apache.catalina.core.StandardEngine           :173  [32m                  [0;39m Starting Servlet engine: [Apache Tomcat/9.0.45]
2021-04-19 23:46:14.135 INFO  o.a.c.core.ContainerBase.[Tomcat].[localhost].[/] :173  [32m                  [0;39m Initializing Spring embedded WebApplicationContext
2021-04-19 23:46:14.135 INFO  o.s.b.w.s.c.ServletWebServerApplicationContext    :289  [32m                  [0;39m Root WebApplicationContext: initialization completed in 146 ms
2021-04-19 23:46:14.165 INFO  o.s.scheduling.concurrent.ThreadPoolTaskExecutor  :181  [32m                  [0;39m Initializing ExecutorService 'applicationTaskExecutor'
2021-04-19 23:46:14.205 INFO  com.zaxxer.hikari.HikariDataSource                :110  [32m                  [0;39m HikariPool-4 - Starting...
2021-04-19 23:46:14.220 INFO  com.zaxxer.hikari.HikariDataSource                :123  [32m                  [0;39m HikariPool-4 - Start completed.
2021-04-19 23:46:14.236 INFO  o.s.b.d.autoconfigure.OptionalLiveReloadServer    :58   [32m                  [0;39m LiveReload server is running on port 35729
2021-04-19 23:46:14.242 INFO  org.apache.coyote.http11.Http11NioProtocol        :173  [32m                  [0;39m Starting ProtocolHandler ["http-nio-8880"]
2021-04-19 23:46:14.244 INFO  o.s.boot.web.embedded.tomcat.TomcatWebServer      :220  [32m                  [0;39m Tomcat started on port(s): 8880 (http) with context path ''
2021-04-19 23:46:14.247 INFO  com.lyn.wiki.WikiApplication                      :61   [32m                  [0;39m Started WikiApplication in 0.287 seconds (JVM running for 5250.351)
2021-04-19 23:46:14.248 INFO  o.s.b.d.a.ConditionEvaluationDeltaLoggingListener :63   [32m                  [0;39m Condition evaluation unchanged
2021-04-19 23:46:15.656 INFO  com.zaxxer.hikari.HikariDataSource                :350  [32m                  [0;39m HikariPool-4 - Shutdown initiated...
2021-04-19 23:46:15.659 INFO  com.zaxxer.hikari.HikariDataSource                :352  [32m                  [0;39m HikariPool-4 - Shutdown completed.
2021-04-19 23:46:15.659 INFO  o.s.scheduling.concurrent.ThreadPoolTaskExecutor  :218  [32m                  [0;39m Shutting down ExecutorService 'applicationTaskExecutor'
2021-04-19 23:46:15.708 INFO  com.lyn.wiki.WikiApplication                      :55   [32m                  [0;39m Starting WikiApplication using Java 11.0.9 on RyunoMacBook-Pro.local with PID 61694 (/Users/chenglliu/Desktop/project-de1/wiki/target/classes started by chenglliu in /Users/chenglliu/Desktop/project-de1/wiki)
2021-04-19 23:46:15.708 INFO  com.lyn.wiki.WikiApplication                      :675  [32m                  [0;39m No active profile set, falling back to default profiles: default
2021-04-19 23:46:15.774 WARN  org.mybatis.spring.mapper.ClassPathMapperScanner  :166  [32m                  [0;39m No MyBatis mapper was found in '[com.lyn.wiki.mapper]' package. Please check your configuration.
2021-04-19 23:46:15.787 WARN  org.mybatis.spring.mapper.ClassPathMapperScanner  :166  [32m                  [0;39m No MyBatis mapper was found in '[com.lyn.wiki]' package. Please check your configuration.
2021-04-19 23:46:15.830 INFO  o.s.boot.web.embedded.tomcat.TomcatWebServer      :108  [32m                  [0;39m Tomcat initialized with port(s): 8880 (http)
2021-04-19 23:46:15.830 INFO  org.apache.coyote.http11.Http11NioProtocol        :173  [32m                  [0;39m Initializing ProtocolHandler ["http-nio-8880"]
2021-04-19 23:46:15.831 INFO  org.apache.catalina.core.StandardService          :173  [32m                  [0;39m Starting service [Tomcat]
2021-04-19 23:46:15.831 INFO  org.apache.catalina.core.StandardEngine           :173  [32m                  [0;39m Starting Servlet engine: [Apache Tomcat/9.0.45]
2021-04-19 23:46:15.838 INFO  o.a.c.core.ContainerBase.[Tomcat].[localhost].[/] :173  [32m                  [0;39m Initializing Spring embedded WebApplicationContext
2021-04-19 23:46:15.838 INFO  o.s.b.w.s.c.ServletWebServerApplicationContext    :289  [32m                  [0;39m Root WebApplicationContext: initialization completed in 129 ms
2021-04-19 23:46:15.867 INFO  o.s.scheduling.concurrent.ThreadPoolTaskExecutor  :181  [32m                  [0;39m Initializing ExecutorService 'applicationTaskExecutor'
2021-04-19 23:46:15.905 INFO  com.zaxxer.hikari.HikariDataSource                :110  [32m                  [0;39m HikariPool-5 - Starting...
2021-04-19 23:46:15.922 INFO  com.zaxxer.hikari.HikariDataSource                :123  [32m                  [0;39m HikariPool-5 - Start completed.
2021-04-19 23:46:15.940 INFO  o.s.b.d.autoconfigure.OptionalLiveReloadServer    :58   [32m                  [0;39m LiveReload server is running on port 35729
2021-04-19 23:46:15.946 INFO  org.apache.coyote.http11.Http11NioProtocol        :173  [32m                  [0;39m Starting ProtocolHandler ["http-nio-8880"]
2021-04-19 23:46:15.948 INFO  o.s.boot.web.embedded.tomcat.TomcatWebServer      :220  [32m                  [0;39m Tomcat started on port(s): 8880 (http) with context path ''
2021-04-19 23:46:15.951 INFO  com.lyn.wiki.WikiApplication                      :61   [32m                  [0;39m Started WikiApplication in 0.265 seconds (JVM running for 5252.055)
2021-04-19 23:46:15.952 INFO  o.s.b.d.a.ConditionEvaluationDeltaLoggingListener :63   [32m                  [0;39m Condition evaluation unchanged
2021-04-19 23:47:31.213 INFO  com.zaxxer.hikari.HikariDataSource                :350  [32m                  [0;39m HikariPool-5 - Shutdown initiated...
2021-04-19 23:47:31.220 INFO  com.zaxxer.hikari.HikariDataSource                :352  [32m                  [0;39m HikariPool-5 - Shutdown completed.
2021-04-19 23:47:31.221 INFO  o.s.scheduling.concurrent.ThreadPoolTaskExecutor  :218  [32m                  [0;39m Shutting down ExecutorService 'applicationTaskExecutor'
2021-04-19 23:47:31.270 INFO  com.lyn.wiki.WikiApplication                      :55   [32m                  [0;39m Starting WikiApplication using Java 11.0.9 on RyunoMacBook-Pro.local with PID 61694 (/Users/chenglliu/Desktop/project-de1/wiki/target/classes started by chenglliu in /Users/chenglliu/Desktop/project-de1/wiki)
2021-04-19 23:47:31.270 INFO  com.lyn.wiki.WikiApplication                      :675  [32m                  [0;39m No active profile set, falling back to default profiles: default
2021-04-19 23:47:31.344 WARN  org.mybatis.spring.mapper.ClassPathMapperScanner  :166  [32m                  [0;39m No MyBatis mapper was found in '[com.lyn.wiki.mapper]' package. Please check your configuration.
2021-04-19 23:47:31.358 WARN  org.mybatis.spring.mapper.ClassPathMapperScanner  :166  [32m                  [0;39m No MyBatis mapper was found in '[com.lyn.wiki]' package. Please check your configuration.
2021-04-19 23:47:31.402 INFO  o.s.boot.web.embedded.tomcat.TomcatWebServer      :108  [32m                  [0;39m Tomcat initialized with port(s): 8880 (http)
2021-04-19 23:47:31.403 INFO  org.apache.coyote.http11.Http11NioProtocol        :173  [32m                  [0;39m Initializing ProtocolHandler ["http-nio-8880"]
2021-04-19 23:47:31.403 INFO  org.apache.catalina.core.StandardService          :173  [32m                  [0;39m Starting service [Tomcat]
2021-04-19 23:47:31.403 INFO  org.apache.catalina.core.StandardEngine           :173  [32m                  [0;39m Starting Servlet engine: [Apache Tomcat/9.0.45]
2021-04-19 23:47:31.410 INFO  o.a.c.core.ContainerBase.[Tomcat].[localhost].[/] :173  [32m                  [0;39m Initializing Spring embedded WebApplicationContext
2021-04-19 23:47:31.410 INFO  o.s.b.w.s.c.ServletWebServerApplicationContext    :289  [32m                  [0;39m Root WebApplicationContext: initialization completed in 138 ms
2021-04-19 23:47:31.440 INFO  o.s.scheduling.concurrent.ThreadPoolTaskExecutor  :181  [32m                  [0;39m Initializing ExecutorService 'applicationTaskExecutor'
2021-04-19 23:47:31.477 INFO  com.zaxxer.hikari.HikariDataSource                :110  [32m                  [0;39m HikariPool-6 - Starting...
2021-04-19 23:47:31.494 INFO  com.zaxxer.hikari.HikariDataSource                :123  [32m                  [0;39m HikariPool-6 - Start completed.
2021-04-19 23:47:31.510 INFO  o.s.b.d.autoconfigure.OptionalLiveReloadServer    :58   [32m                  [0;39m LiveReload server is running on port 35729
2021-04-19 23:47:31.516 INFO  org.apache.coyote.http11.Http11NioProtocol        :173  [32m                  [0;39m Starting ProtocolHandler ["http-nio-8880"]
2021-04-19 23:47:31.517 INFO  o.s.boot.web.embedded.tomcat.TomcatWebServer      :220  [32m                  [0;39m Tomcat started on port(s): 8880 (http) with context path ''
2021-04-19 23:47:31.521 INFO  com.lyn.wiki.WikiApplication                      :61   [32m                  [0;39m Started WikiApplication in 0.27 seconds (JVM running for 5327.625)
2021-04-19 23:47:31.522 INFO  o.s.b.d.a.ConditionEvaluationDeltaLoggingListener :63   [32m                  [0;39m Condition evaluation unchanged
2021-04-19 23:48:18.611 INFO  com.zaxxer.hikari.HikariDataSource                :350  [32m                  [0;39m HikariPool-6 - Shutdown initiated...
2021-04-19 23:48:18.616 INFO  com.zaxxer.hikari.HikariDataSource                :352  [32m                  [0;39m HikariPool-6 - Shutdown completed.
2021-04-19 23:48:18.617 INFO  o.s.scheduling.concurrent.ThreadPoolTaskExecutor  :218  [32m                  [0;39m Shutting down ExecutorService 'applicationTaskExecutor'
2021-04-19 23:48:18.842 INFO  com.lyn.wiki.WikiApplication                      :55   [32m                  [0;39m Starting WikiApplication using Java 11.0.9 on RyunoMacBook-Pro.local with PID 61694 (/Users/chenglliu/Desktop/project-de1/wiki/target/classes started by chenglliu in /Users/chenglliu/Desktop/project-de1/wiki)
2021-04-19 23:48:18.843 INFO  com.lyn.wiki.WikiApplication                      :675  [32m                  [0;39m No active profile set, falling back to default profiles: default
2021-04-19 23:48:18.909 WARN  org.mybatis.spring.mapper.ClassPathMapperScanner  :166  [32m                  [0;39m No MyBatis mapper was found in '[com.lyn.wiki.mapper]' package. Please check your configuration.
2021-04-19 23:48:18.923 WARN  org.mybatis.spring.mapper.ClassPathMapperScanner  :166  [32m                  [0;39m No MyBatis mapper was found in '[com.lyn.wiki]' package. Please check your configuration.
2021-04-19 23:48:18.971 INFO  o.s.boot.web.embedded.tomcat.TomcatWebServer      :108  [32m                  [0;39m Tomcat initialized with port(s): 8880 (http)
2021-04-19 23:48:18.972 INFO  org.apache.coyote.http11.Http11NioProtocol        :173  [32m                  [0;39m Initializing ProtocolHandler ["http-nio-8880"]
2021-04-19 23:48:18.972 INFO  org.apache.catalina.core.StandardService          :173  [32m                  [0;39m Starting service [Tomcat]
2021-04-19 23:48:18.972 INFO  org.apache.catalina.core.StandardEngine           :173  [32m                  [0;39m Starting Servlet engine: [Apache Tomcat/9.0.45]
2021-04-19 23:48:18.979 INFO  o.a.c.core.ContainerBase.[Tomcat].[localhost].[/] :173  [32m                  [0;39m Initializing Spring embedded WebApplicationContext
2021-04-19 23:48:18.979 INFO  o.s.b.w.s.c.ServletWebServerApplicationContext    :289  [32m                  [0;39m Root WebApplicationContext: initialization completed in 135 ms
2021-04-19 23:48:19.006 INFO  o.s.scheduling.concurrent.ThreadPoolTaskExecutor  :181  [32m                  [0;39m Initializing ExecutorService 'applicationTaskExecutor'
2021-04-19 23:48:19.041 INFO  com.zaxxer.hikari.HikariDataSource                :110  [32m                  [0;39m HikariPool-7 - Starting...
2021-04-19 23:48:19.057 INFO  com.zaxxer.hikari.HikariDataSource                :123  [32m                  [0;39m HikariPool-7 - Start completed.
2021-04-19 23:48:19.072 INFO  o.s.b.d.autoconfigure.OptionalLiveReloadServer    :58   [32m                  [0;39m LiveReload server is running on port 35729
2021-04-19 23:48:19.078 INFO  org.apache.coyote.http11.Http11NioProtocol        :173  [32m                  [0;39m Starting ProtocolHandler ["http-nio-8880"]
2021-04-19 23:48:19.079 INFO  o.s.boot.web.embedded.tomcat.TomcatWebServer      :220  [32m                  [0;39m Tomcat started on port(s): 8880 (http) with context path ''
2021-04-19 23:48:19.082 INFO  com.lyn.wiki.WikiApplication                      :61   [32m                  [0;39m Started WikiApplication in 0.437 seconds (JVM running for 5375.186)
2021-04-19 23:48:19.083 INFO  o.s.b.d.a.ConditionEvaluationDeltaLoggingListener :63   [32m                  [0;39m Condition evaluation unchanged
2021-04-19 23:48:36.587 INFO  com.zaxxer.hikari.HikariDataSource                :350  [32m                  [0;39m HikariPool-7 - Shutdown initiated...
2021-04-19 23:48:36.592 INFO  com.zaxxer.hikari.HikariDataSource                :352  [32m                  [0;39m HikariPool-7 - Shutdown completed.
2021-04-19 23:48:36.593 INFO  o.s.scheduling.concurrent.ThreadPoolTaskExecutor  :218  [32m                  [0;39m Shutting down ExecutorService 'applicationTaskExecutor'
2021-04-19 23:48:36.641 INFO  com.lyn.wiki.WikiApplication                      :55   [32m                  [0;39m Starting WikiApplication using Java 11.0.9 on RyunoMacBook-Pro.local with PID 61694 (/Users/chenglliu/Desktop/project-de1/wiki/target/classes started by chenglliu in /Users/chenglliu/Desktop/project-de1/wiki)
2021-04-19 23:48:36.642 INFO  com.lyn.wiki.WikiApplication                      :675  [32m                  [0;39m No active profile set, falling back to default profiles: default
2021-04-19 23:48:36.708 WARN  org.mybatis.spring.mapper.ClassPathMapperScanner  :166  [32m                  [0;39m No MyBatis mapper was found in '[com.lyn.wiki.mapper]' package. Please check your configuration.
2021-04-19 23:48:36.722 WARN  org.mybatis.spring.mapper.ClassPathMapperScanner  :166  [32m                  [0;39m No MyBatis mapper was found in '[com.lyn.wiki]' package. Please check your configuration.
2021-04-19 23:48:36.771 INFO  o.s.boot.web.embedded.tomcat.TomcatWebServer      :108  [32m                  [0;39m Tomcat initialized with port(s): 8880 (http)
2021-04-19 23:48:36.772 INFO  org.apache.coyote.http11.Http11NioProtocol        :173  [32m                  [0;39m Initializing ProtocolHandler ["http-nio-8880"]
2021-04-19 23:48:36.772 INFO  org.apache.catalina.core.StandardService          :173  [32m                  [0;39m Starting service [Tomcat]
2021-04-19 23:48:36.773 INFO  org.apache.catalina.core.StandardEngine           :173  [32m                  [0;39m Starting Servlet engine: [Apache Tomcat/9.0.45]
2021-04-19 23:48:36.779 INFO  o.a.c.core.ContainerBase.[Tomcat].[localhost].[/] :173  [32m                  [0;39m Initializing Spring embedded WebApplicationContext
2021-04-19 23:48:36.779 INFO  o.s.b.w.s.c.ServletWebServerApplicationContext    :289  [32m                  [0;39m Root WebApplicationContext: initialization completed in 136 ms
2021-04-19 23:48:36.816 INFO  o.s.scheduling.concurrent.ThreadPoolTaskExecutor  :181  [32m                  [0;39m Initializing ExecutorService 'applicationTaskExecutor'
2021-04-19 23:48:36.856 INFO  com.zaxxer.hikari.HikariDataSource                :110  [32m                  [0;39m HikariPool-8 - Starting...
2021-04-19 23:48:36.874 INFO  com.zaxxer.hikari.HikariDataSource                :123  [32m                  [0;39m HikariPool-8 - Start completed.
2021-04-19 23:48:36.891 INFO  o.s.b.d.autoconfigure.OptionalLiveReloadServer    :58   [32m                  [0;39m LiveReload server is running on port 35729
2021-04-19 23:48:36.897 INFO  org.apache.coyote.http11.Http11NioProtocol        :173  [32m                  [0;39m Starting ProtocolHandler ["http-nio-8880"]
2021-04-19 23:48:36.899 INFO  o.s.boot.web.embedded.tomcat.TomcatWebServer      :220  [32m                  [0;39m Tomcat started on port(s): 8880 (http) with context path ''
2021-04-19 23:48:36.902 INFO  com.lyn.wiki.WikiApplication                      :61   [32m                  [0;39m Started WikiApplication in 0.28 seconds (JVM running for 5393.006)
2021-04-19 23:48:36.903 INFO  o.s.b.d.a.ConditionEvaluationDeltaLoggingListener :63   [32m                  [0;39m Condition evaluation unchanged
2021-04-19 23:48:38.318 INFO  com.zaxxer.hikari.HikariDataSource                :350  [32m                  [0;39m HikariPool-8 - Shutdown initiated...
2021-04-19 23:48:38.324 INFO  com.zaxxer.hikari.HikariDataSource                :352  [32m                  [0;39m HikariPool-8 - Shutdown completed.
2021-04-19 23:48:38.325 INFO  o.s.scheduling.concurrent.ThreadPoolTaskExecutor  :218  [32m                  [0;39m Shutting down ExecutorService 'applicationTaskExecutor'
2021-04-19 23:48:38.383 INFO  com.lyn.wiki.WikiApplication                      :55   [32m                  [0;39m Starting WikiApplication using Java 11.0.9 on RyunoMacBook-Pro.local with PID 61694 (/Users/chenglliu/Desktop/project-de1/wiki/target/classes started by chenglliu in /Users/chenglliu/Desktop/project-de1/wiki)
2021-04-19 23:48:38.384 INFO  com.lyn.wiki.WikiApplication                      :675  [32m                  [0;39m No active profile set, falling back to default profiles: default
2021-04-19 23:48:38.452 WARN  org.mybatis.spring.mapper.ClassPathMapperScanner  :166  [32m                  [0;39m No MyBatis mapper was found in '[com.lyn.wiki.mapper]' package. Please check your configuration.
2021-04-19 23:48:38.465 WARN  org.mybatis.spring.mapper.ClassPathMapperScanner  :166  [32m                  [0;39m No MyBatis mapper was found in '[com.lyn.wiki]' package. Please check your configuration.
2021-04-19 23:48:38.512 INFO  o.s.boot.web.embedded.tomcat.TomcatWebServer      :108  [32m                  [0;39m Tomcat initialized with port(s): 8880 (http)
2021-04-19 23:48:38.512 INFO  org.apache.coyote.http11.Http11NioProtocol        :173  [32m                  [0;39m Initializing ProtocolHandler ["http-nio-8880"]
2021-04-19 23:48:38.513 INFO  org.apache.catalina.core.StandardService          :173  [32m                  [0;39m Starting service [Tomcat]
2021-04-19 23:48:38.513 INFO  org.apache.catalina.core.StandardEngine           :173  [32m                  [0;39m Starting Servlet engine: [Apache Tomcat/9.0.45]
2021-04-19 23:48:38.519 INFO  o.a.c.core.ContainerBase.[Tomcat].[localhost].[/] :173  [32m                  [0;39m Initializing Spring embedded WebApplicationContext
2021-04-19 23:48:38.519 INFO  o.s.b.w.s.c.ServletWebServerApplicationContext    :289  [32m                  [0;39m Root WebApplicationContext: initialization completed in 134 ms
2021-04-19 23:48:38.549 INFO  o.s.scheduling.concurrent.ThreadPoolTaskExecutor  :181  [32m                  [0;39m Initializing ExecutorService 'applicationTaskExecutor'
2021-04-19 23:48:38.589 INFO  com.zaxxer.hikari.HikariDataSource                :110  [32m                  [0;39m HikariPool-9 - Starting...
2021-04-19 23:48:38.604 INFO  com.zaxxer.hikari.HikariDataSource                :123  [32m                  [0;39m HikariPool-9 - Start completed.
2021-04-19 23:48:38.620 INFO  o.s.b.d.autoconfigure.OptionalLiveReloadServer    :58   [32m                  [0;39m LiveReload server is running on port 35729
2021-04-19 23:48:38.627 INFO  org.apache.coyote.http11.Http11NioProtocol        :173  [32m                  [0;39m Starting ProtocolHandler ["http-nio-8880"]
2021-04-19 23:48:38.629 INFO  o.s.boot.web.embedded.tomcat.TomcatWebServer      :220  [32m                  [0;39m Tomcat started on port(s): 8880 (http) with context path ''
2021-04-19 23:48:38.632 INFO  com.lyn.wiki.WikiApplication                      :61   [32m                  [0;39m Started WikiApplication in 0.269 seconds (JVM running for 5394.735)
2021-04-19 23:48:38.633 INFO  o.s.b.d.a.ConditionEvaluationDeltaLoggingListener :63   [32m                  [0;39m Condition evaluation unchanged
2021-04-19 23:58:23.819 INFO  com.zaxxer.hikari.HikariDataSource                :350  [32m                  [0;39m HikariPool-9 - Shutdown initiated...
2021-04-19 23:58:23.820 INFO  com.zaxxer.hikari.HikariDataSource                :352  [32m                  [0;39m HikariPool-9 - Shutdown completed.
2021-04-19 23:58:23.821 INFO  o.s.scheduling.concurrent.ThreadPoolTaskExecutor  :218  [32m                  [0;39m Shutting down ExecutorService 'applicationTaskExecutor'
